<?xml version="1.0" encoding="UTF-8"?>
<testng-results skipped="0" failed="0" ignored="0" total="1" passed="1">
  <reporter-output>
  </reporter-output>
  <suite name="Default suite" duration-ms="22317" started-at="2019-09-15T03:51:51Z" finished-at="2019-09-15T03:52:13Z">
    <groups>
    </groups>
    <test name="Default test" duration-ms="22317" started-at="2019-09-15T03:51:51Z" finished-at="2019-09-15T03:52:13Z">
      <class name="SelAdv.Calender">
        <test-method status="PASS" signature="openBrowser()[pri:0, instance:SelAdv.Calender@5f341870]" name="openBrowser" is-config="true" duration-ms="3657" started-at="2019-09-15T03:51:51Z" finished-at="2019-09-15T03:51:55Z">
          <reporter-output>
          </reporter-output>
        </test-method> <!-- openBrowser -->
        <test-method status="PASS" signature="calenderdemo()[pri:0, instance:SelAdv.Calender@5f341870]" name="calenderdemo" duration-ms="18136" started-at="2019-09-15T03:51:55Z" finished-at="2019-09-15T03:52:13Z">
          <reporter-output>
          </reporter-output>
        </test-method> <!-- calenderdemo -->
        <test-method status="PASS" signature="close()[pri:0, instance:SelAdv.Calender@5f341870]" name="close" is-config="true" duration-ms="338" started-at="2019-09-15T03:52:13Z" finished-at="2019-09-15T03:52:13Z">
          <reporter-output>
          </reporter-output>
        </test-method> <!-- close -->
      </class> <!-- SelAdv.Calender -->
    </test> <!-- Default test -->
  </suite> <!-- Default suite -->
</testng-results>
