<?xml version="1.0" encoding="UTF-8"?>
<testng-results skipped="0" failed="0" ignored="0" total="3" passed="3">
  <reporter-output>
  </reporter-output>
  <suite name="Default suite" duration-ms="18980" started-at="2019-09-07T04:06:38Z" finished-at="2019-09-07T04:06:57Z">
    <groups>
    </groups>
    <test name="Default test" duration-ms="18980" started-at="2019-09-07T04:06:38Z" finished-at="2019-09-07T04:06:57Z">
      <class name="sep7.ExampleDaaprovider">
        <test-method status="PASS" signature="beforeSuite()[pri:0, instance:sep7.ExampleDaaprovider@e25b2fe]" name="beforeSuite" is-config="true" duration-ms="3099" started-at="2019-09-07T04:06:38Z" finished-at="2019-09-07T04:06:41Z">
          <reporter-output>
          </reporter-output>
        </test-method> <!-- beforeSuite -->
        <test-method status="PASS" signature="login(java.lang.String, java.lang.String)[pri:0, instance:sep7.ExampleDaaprovider@e25b2fe]" name="login" duration-ms="7395" started-at="2019-09-07T04:06:42Z" data-provider="testdata" finished-at="2019-09-07T04:06:49Z">
          <params>
            <param index="0">
              <value>
                <![CDATA[nidhi@myntra.com]]>
              </value>
            </param>
            <param index="1">
              <value>
                <![CDATA[myntr234a#123]]>
              </value>
            </param>
          </params>
          <reporter-output>
          </reporter-output>
        </test-method> <!-- login -->
        <test-method status="PASS" signature="login(java.lang.String, java.lang.String)[pri:0, instance:sep7.ExampleDaaprovider@e25b2fe]" name="login" duration-ms="4295" started-at="2019-09-07T04:06:49Z" data-provider="testdata" finished-at="2019-09-07T04:06:53Z">
          <params>
            <param index="0">
              <value>
                <![CDATA[bose@myntra.com]]>
              </value>
            </param>
            <param index="1">
              <value>
                <![CDATA[myntra#12323]]>
              </value>
            </param>
          </params>
          <reporter-output>
          </reporter-output>
        </test-method> <!-- login -->
        <test-method status="PASS" signature="login(java.lang.String, java.lang.String)[pri:0, instance:sep7.ExampleDaaprovider@e25b2fe]" name="login" duration-ms="3848" started-at="2019-09-07T04:06:53Z" data-provider="testdata" finished-at="2019-09-07T04:06:57Z">
          <params>
            <param index="0">
              <value>
                <![CDATA[smita@myntra.com]]>
              </value>
            </param>
            <param index="1">
              <value>
                <![CDATA[sree#12323]]>
              </value>
            </param>
          </params>
          <reporter-output>
          </reporter-output>
        </test-method> <!-- login -->
        <test-method status="PASS" signature="close()[pri:0, instance:sep7.ExampleDaaprovider@e25b2fe]" name="close" is-config="true" duration-ms="271" started-at="2019-09-07T04:06:57Z" finished-at="2019-09-07T04:06:57Z">
          <reporter-output>
          </reporter-output>
        </test-method> <!-- close -->
      </class> <!-- sep7.ExampleDaaprovider -->
    </test> <!-- Default test -->
  </suite> <!-- Default suite -->
</testng-results>
